<?xml version="1.0" encoding="UTF-8"?>
<testng-results ignored="8" total="9" passed="1" failed="0" skipped="0">
  <reporter-output>
  </reporter-output>
  <suite started-at="2024-11-26T11:35:17 IST" name="Suite" finished-at="2024-11-26T11:35:40 IST" duration-ms="23131">
    <groups>
    </groups>
    <test started-at="2024-11-26T11:35:17 IST" name="Test" finished-at="2024-11-26T11:35:40 IST" duration-ms="23131">
      <class name="com.Hrms.tests.TestPIMPage">
        <test-method is-config="true" signature="setup()[pri:0, instance:com.Hrms.tests.TestPIMPage@5b1669c0]" started-at="2024-11-26T11:35:17 IST" name="setup" finished-at="2024-11-26T11:35:24 IST" duration-ms="6844" status="PASS">
          <reporter-output>
          </reporter-output>
        </test-method> <!-- setup -->
        <test-method signature="addEmployee()[pri:0, instance:com.Hrms.tests.TestPIMPage@5b1669c0]" started-at="2024-11-26T11:35:24 IST" name="addEmployee" description="Verify that an employee can be added successfully" finished-at="2024-11-26T11:35:40 IST" duration-ms="16222" status="PASS">
          <reporter-output>
          </reporter-output>
        </test-method> <!-- addEmployee -->
        <test-method is-config="true" signature="close()[pri:0, instance:com.Hrms.tests.TestPIMPage@5b1669c0]" started-at="2024-11-26T11:35:40 IST" name="close" finished-at="2024-11-26T11:35:40 IST" duration-ms="0" status="PASS">
          <reporter-output>
          </reporter-output>
        </test-method> <!-- close -->
      </class> <!-- com.Hrms.tests.TestPIMPage -->
    </test> <!-- Test -->
  </suite> <!-- Suite -->
</testng-results>
